build/app/outputs/mapping/release/seeds.txt
com.example.studyanyplace.BuildConfig
com.example.studyanyplace.BuildConfig: boolean DEBUG
com.example.studyanyplace.BuildConfig: java.lang.String APPLICATION_ID
com.example.studyanyplace.BuildConfig: java.lang.String BUILD_TYPE
com.example.studyanyplace.BuildConfig: java.lang.String FLAVOR
com.example.studyanyplace.BuildConfig: int VERSION_CODE
com.example.studyanyplace.BuildConfig: java.lang.String VERSION_NAME
com.example.studyanyplace.BuildConfig: BuildConfig()
com.example.studyanyplace.MainActivity
com.example.studyanyplace.MainActivity: MainActivity()
com.example.studyanyplace.R
com.example.studyanyplace.R: R()
com.example.studyanyplace.R$anim
com.example.studyanyplace.R$anim: int abc_fade_in
com.example.studyanyplace.R$anim: int abc_fade_out
com.example.studyanyplace.R$anim: int abc_grow_fade_in_from_bottom
com.example.studyanyplace.R$anim: int abc_popup_enter
com.example.studyanyplace.R$anim: int abc_popup_exit
com.example.studyanyplace.R$anim: int abc_shrink_fade_out_from_bottom
com.example.studyanyplace.R$anim: int abc_slide_in_bottom
com.example.studyanyplace.R$anim: int abc_slide_in_top
com.example.studyanyplace.R$anim: int abc_slide_out_bottom
com.example.studyanyplace.R$anim: int abc_slide_out_top
com.example.studyanyplace.R$anim: int abc_tooltip_enter
com.example.studyanyplace.R$anim: int abc_tooltip_exit
com.example.studyanyplace.R$anim: int btn_checkbox_to_checked_box_inner_merged_animation
com.example.studyanyplace.R$anim: int btn_checkbox_to_checked_box_outer_merged_animation
com.example.studyanyplace.R$anim: int btn_checkbox_to_checked_icon_null_animation
com.example.studyanyplace.R$anim: int btn_checkbox_to_unchecked_box_inner_merged_animation
com.example.studyanyplace.R$anim: int btn_checkbox_to_unchecked_check_path_merged_animation
com.example.studyanyplace.R$anim: int btn_checkbox_to_unchecked_icon_null_animation
com.example.studyanyplace.R$anim: int btn_radio_to_off_mtrl_dot_group_animation
com.example.studyanyplace.R$anim: int btn_radio_to_off_mtrl_ring_outer_animation
com.example.studyanyplace.R$anim: int btn_radio_to_off_mtrl_ring_outer_path_animation
com.example.studyanyplace.R$attr
com.example.studyanyplace.R$attr: int actionBarDivider
com.example.studyanyplace.R$attr: int actionBarItemBackground
com.example.studyanyplace.R$attr: int actionBarPopupTheme
com.example.studyanyplace.R$attr: int actionBarSize
com.example.studyanyplace.R$attr: int actionBarSplitStyle
com.example.studyanyplace.R$attr: int actionBarStyle
com.example.studyanyplace.R$attr: int actionBarTabBarStyle
com.example.studyanyplace.R$attr: int actionBarTabStyle
com.example.studyanyplace.R$attr: int actionBarTabTextStyle
com.example.studyanyplace.R$attr: int actionBarTheme
com.example.studyanyplace.R$attr: int actionBarWidgetTheme
com.example.studyanyplace.R$attr: int actionButtonStyle
com.example.studyanyplace.R$attr: int actionDropDownStyle
com.example.studyanyplace.R$attr: int actionLayout
com.example.studyanyplace.R$attr: int actionMenuTextAppearance
com.example.studyanyplace.R$attr: int actionMenuTextColor
com.example.studyanyplace.R$attr: int actionModeBackground
com.example.studyanyplace.R$attr: int actionModeCloseButtonStyle
com.example.studyanyplace.R$attr: int actionModeCloseDrawable
com.example.studyanyplace.R$attr: int actionModeCopyDrawable
com.example.studyanyplace.R$attr: int actionModeCutDrawable
com.example.studyanyplace.R$attr: int actionModeFindDrawable
com.example.studyanyplace.R$attr: int actionModePasteDrawable
com.example.studyanyplace.R$attr: int actionModePopupWindowStyle
com.example.studyanyplace.R$bool
com.example.studyanyplace.R$bool: int abc_action_bar_embed_tabs
com.example.studyanyplace.R$bool: int abc_allow_stacked_button_bar
com.example.studyanyplace.R$bool: int abc_config_actionMenuItemAllCaps
com.example.studyanyplace.R$bool: R$bool()
...
io.flutter.embedding.engine.renderer.FlutterRenderer$SurfaceTextureRegistryEntry
io.flutter.embedding.engine.renderer.FlutterRenderer$SurfaceTextureRegistryEntry: long id
io.flutter.embedding.engine.renderer.FlutterRenderer$SurfaceTextureRegistryEntry: android.graphics.SurfaceTexture surfaceTexture
io.flutter.embedding.engine.renderer.FlutterRenderer$SurfaceTextureRegistryEntry: boolean released
io.flutter.embedding.engine.renderer.FlutterRenderer$SurfaceTextureRegistryEntry: android.graphics.SurfaceTexture$OnFrameAvailableListener onFrameListener
io.flutter.embedding.engine.renderer.FlutterRenderer$SurfaceTextureRegistryEntry: io.flutter.embedding.engine.renderer.FlutterRenderer this$0
io.flutter.embedding.engine.renderer.FlutterRenderer$SurfaceTextureRegistryEntry: FlutterRenderer$SurfaceTextureRegistryEntry(io.flutter.embedding.engine.renderer.FlutterRenderer,long,android.graphics.SurfaceTexture)
io.flutter.embedding.engine.renderer.FlutterRenderer$SurfaceTextureRegistryEntry: android.graphics.SurfaceTexture surfaceTexture()
io.flutter.embedding.engine.renderer.FlutterRenderer$SurfaceTextureRegistryEntry: long id()
io.flutter.embedding.engine.renderer.FlutterRenderer$SurfaceTextureRegistryEntry: void release()
io.flutter.embedding.engine.renderer.FlutterRenderer$SurfaceTextureRegistryEntry: boolean access$000(io.flutter.embedding.engine.renderer.FlutterRenderer$SurfaceTextureRegistryEntry)
io.flutter.embedding.engine.renderer.FlutterRenderer$SurfaceTextureRegistryEntry$1
io.flutter.embedding.engine.renderer.FlutterRenderer$SurfaceTextureRegistryEntry$1: io.flutter.embedding.engine.renderer.FlutterRenderer$SurfaceTextureRegistryEntry this$1
io.flutter.embedding.engine.renderer.FlutterRenderer$SurfaceTextureRegistryEntry$1: FlutterRenderer$SurfaceTextureRegistryEntry$1(io.flutter.embedding.engine.renderer.FlutterRenderer$SurfaceTextureRegistryEntry)
io.flutter.embedding.engine.renderer.FlutterRenderer$SurfaceTextureRegistryEntry$1: void onFrameAvailable(android.graphics.SurfaceTexture)
io.flutter.embedding.engine.renderer.OnFirstFrameRenderedListener
io.flutter.embedding.engine.renderer.OnFirstFrameRenderedListener: void onFirstFrameRendered()
io.flutter.embedding.engine.systemchannels.KeyEventChannel
io.flutter.embedding.engine.systemchannels.KeyEventChannel: io.flutter.plugin.common.BasicMessageChannel channel
io.flutter.embedding.engine.systemchannels.KeyEventChannel: KeyEventChannel(io.flutter.embedding.engine.dart.DartExecutor)
io.flutter.embedding.engine.systemchannels.KeyEventChannel: void keyUp(io.flutter.embedding.engine.systemchannels.KeyEventChannel$FlutterKeyEvent)
io.flutter.embedding.engine.systemchannels.KeyEventChannel: void keyDown(io.flutter.embedding.engine.systemchannels.KeyEventChannel$FlutterKeyEvent)
io.flutter.embedding.engine.systemchannels.KeyEventChannel: void encodeKeyEvent(io.flutter.embedding.engine.systemchannels.KeyEventChannel$FlutterKeyEvent,java.util.Map)