build/app/outputs/mapping/release/mapping.txt
com.example.studyanyplace.BuildConfig -> com.example.studyanyplace.BuildConfig:
    boolean DEBUG -> DEBUG
    java.lang.String APPLICATION_ID -> APPLICATION_ID
    java.lang.String BUILD_TYPE -> BUILD_TYPE
    java.lang.String FLAVOR -> FLAVOR
    int VERSION_CODE -> VERSION_CODE
    java.lang.String VERSION_NAME -> VERSION_NAME
    void <init>() -> <init>
com.example.studyanyplace.MainActivity -> com.example.studyanyplace.MainActivity:
    void <init>() -> <init>
    void onCreate(android.os.Bundle) -> onCreate
com.example.studyanyplace.R -> com.example.studyanyplace.R:
    void <init>() -> <init>
com.example.studyanyplace.R$anim -> com.example.studyanyplace.R$anim:
    int abc_fade_in -> abc_fade_in
    int abc_fade_out -> abc_fade_out
    int abc_grow_fade_in_from_bottom -> abc_grow_fade_in_from_bottom
    int abc_popup_enter -> abc_popup_enter
    int abc_popup_exit -> abc_popup_exit
    int abc_shrink_fade_out_from_bottom -> abc_shrink_fade_out_from_bottom
    int abc_slide_in_bottom -> abc_slide_in_bottom
    int abc_slide_in_top -> abc_slide_in_top
    int abc_slide_out_bottom -> abc_slide_out_bottom
    int abc_slide_out_top -> abc_slide_out_top
    int abc_tooltip_enter -> abc_tooltip_enter
    int abc_tooltip_exit -> abc_tooltip_exit
    int btn_checkbox_to_checked_box_inner_merged_animation -> btn_checkbox_to_checked_box_inner_merged_animation
    int btn_checkbox_to_checked_box_outer_merged_animation -> btn_checkbox_to_checked_box_outer_merged_animation
    int btn_checkbox_to_checked_icon_null_animation -> btn_checkbox_to_checked_icon_null_animation
    int btn_checkbox_to_unchecked_box_inner_merged_animation -> btn_checkbox_to_unchecked_box_inner_merged_animation
    int btn_checkbox_to_unchecked_check_path_merged_animation -> btn_checkbox_to_unchecked_check_path_merged_animation
    int btn_checkbox_to_unchecked_icon_null_animation -> btn_checkbox_to_unchecked_icon_null_animation
    int btn_radio_to_off_mtrl_dot_group_animation -> btn_radio_to_off_mtrl_dot_group_animation
com.example.studyanyplace.R$attr -> com.example.studyanyplace.R$attr:
    int actionBarDivider -> actionBarDivider
    int actionBarItemBackground -> actionBarItemBackground
    int actionBarPopupTheme -> actionBarPopupTheme
    int actionBarSize -> actionBarSize
    int actionBarSplitStyle -> actionBarSplitStyle
    int actionBarStyle -> actionBarStyle
    int actionBarTabBarStyle -> actionBarTabBarStyle
    int actionBarTabStyle -> actionBarTabStyle
    int actionBarTabTextStyle -> actionBarTabTextStyle
    int actionBarTheme -> actionBarTheme
    int actionBarWidgetTheme -> actionBarWidgetTheme
    int actionButtonStyle -> actionButtonStyle
    int actionDropDownStyle -> actionDropDownStyle
    int actionLayout -> actionLayout
    int actionMenuTextAppearance -> actionMenuTextAppearance
    int actionMenuTextColor -> actionMenuTextColor
    int actionModeBackground -> actionModeBackground
    int actionModeCloseButtonStyle -> actionModeCloseButtonStyle
    int actionModeCloseDrawable -> actionModeCloseDrawable
    int actionModeCopyDrawable -> actionModeCopyDrawable
    int actionModeCutDrawable -> actionModeCutDrawable
    int actionModeFindDrawable -> actionModeFindDrawable
    int actionModePasteDrawable -> actionModePasteDrawable
    int actionModePopupWindowStyle -> actionModePopupWindowStyle
    int actionModeSelectAllDrawable -> actionModeSelectAllDrawable
    int actionModeShareDrawable -> actionModeShareDrawable
com.example.studyanyplace.R$bool -> com.example.studyanyplace.R$bool:
    int abc_action_bar_embed_tabs -> abc_action_bar_embed_tabs
    int abc_allow_stacked_button_bar -> abc_allow_stacked_button_bar
    int abc_config_actionMenuItemAllCaps -> abc_config_actionMenuItemAllCaps
    void <init>() -> <init>
...
androidx.appcompat.app.ActionBar$LayoutParams -> androidx.appcompat.app.ActionBar$LayoutParams:
    int gravity -> gravity
    void <init>(android.content.Context,android.util.AttributeSet) -> <init>
    void <init>(int,int) -> <init>
    void <init>(int,int,int) -> <init>
    void <init>(int) -> <init>
    void <init>(androidx.appcompat.app.ActionBar$LayoutParams) -> <init>
    void <init>(android.view.ViewGroup$LayoutParams) -> <init>
androidx.appcompat.app.ActionBar$NavigationMode -> androidx.appcompat.app.ActionBar$NavigationMode:
androidx.appcompat.app.ActionBar$OnMenuVisibilityListener -> androidx.appcompat.app.ActionBar$OnMenuVisibilityListener:
    void onMenuVisibilityChanged(boolean) -> onMenuVisibilityChanged
androidx.appcompat.app.ActionBar$OnNavigationListener -> androidx.appcompat.app.ActionBar$OnNavigationListener:
    boolean onNavigationItemSelected(int,long) -> onNavigationItemSelected
androidx.appcompat.app.ActionBar$Tab -> androidx.appcompat.app.ActionBar$Tab:
    int INVALID_POSITION -> INVALID_POSITION
    void <init>() -> <init>
    int getPosition() -> getPosition
    android.graphics.drawable.Drawable getIcon() -> getIcon
    java.lang.CharSequence getText() -> getText
    androidx.appcompat.app.ActionBar$Tab setIcon(android.graphics.drawable.Drawable) -> setIcon
    androidx.appcompat.app.ActionBar$Tab setIcon(int) -> setIcon
    androidx.appcompat.app.ActionBar$Tab setText(java.lang.CharSequence) -> setText
    androidx.appcompat.app.ActionBar$Tab setText(int) -> setText
    androidx.appcompat.app.ActionBar$Tab setCustomView(android.view.View) -> setCustomView
    androidx.appcompat.app.ActionBar$Tab setCustomView(int) -> setCustomView
    android.view.View getCustomView() -> getCustomView
    androidx.appcompat.app.ActionBar$Tab setTag(java.lang.Object) -> setTag
    java.lang.Object getTag() -> getTag
    androidx.appcompat.app.ActionBar$Tab setTabListener(androidx.appcompat.app.ActionBar$TabListener) -> setTabListener
    void select() -> select
    androidx.appcompat.app.ActionBar$Tab setContentDescription(int) -> setContentDescription
    androidx.appcompat.app.ActionBar$Tab setContentDescription(java.lang.CharSequence) -> setContentDescription
    java.lang.CharSequence getContentDescription() -> getContentDescription
androidx.appcompat.app.ActionBar$TabListener -> androidx.appcompat.app.ActionBar$TabListener:
    void onTabSelected(androidx.appcompat.app.ActionBar$Tab,androidx.fragment.app.FragmentTransaction) -> onTabSelected
    void onTabUnselected(androidx.appcompat.app.ActionBar$Tab,androidx.fragment.app.FragmentTransaction) -> onTabUnselected
    void onTabReselected(androidx.appcompat.app.ActionBar$Tab,androidx.fragment.app.FragmentTransaction) -> onTabReselected