build/app/outputs/mapping/release/usage.txt
androidx.coordinatorlayout.widget.DirectedAcyclicGraph:
    200:200:int size()
androidx.core.app.JobIntentService:
    static final java.lang.String TAG
    static final boolean DEBUG
androidx.core.app.JobIntentService$JobServiceEngineImpl:
    static final java.lang.String TAG
    static final boolean DEBUG
androidx.core.app.NotificationCompat$Action:
    static final java.lang.String EXTRA_SHOWS_USER_INTERFACE
    static final java.lang.String EXTRA_SEMANTIC_ACTION
androidx.core.app.NotificationCompat$CarExtender:
    static final java.lang.String EXTRA_CAR_EXTENDER
    static final java.lang.String EXTRA_INVISIBLE_ACTIONS
androidx.core.app.NotificationCompat$MessagingStyle$Message:
    static final java.lang.String KEY_TEXT
    static final java.lang.String KEY_TIMESTAMP
    static final java.lang.String KEY_SENDER
    static final java.lang.String KEY_DATA_MIME_TYPE
    static final java.lang.String KEY_DATA_URI
    static final java.lang.String KEY_EXTRAS_BUNDLE
    static final java.lang.String KEY_PERSON
    static final java.lang.String KEY_NOTIFICATION_PERSON
androidx.core.app.NotificationCompatJellybean:
    static final java.lang.String EXTRA_DATA_ONLY_REMOTE_INPUTS
    static final java.lang.String EXTRA_ALLOW_GENERATED_REPLIES
androidx.core.app.NotificationManagerCompat:
    static final int MAX_SIDE_CHANNEL_SDK_VERSION
androidx.core.content.pm.ShortcutInfoCompat:
    234:244:static androidx.core.app.Person[] getPersonsFromExtra(android.os.PersistableBundle)
    255:258:static boolean getLongLivedFromExtra(android.os.PersistableBundle)
androidx.core.content.pm.ShortcutManagerCompat:
    static final java.lang.String ACTION_INSTALL_SHORTCUT
    static final java.lang.String INSTALL_SHORTCUT_PERMISSION
androidx.core.content.res.GradientColorInflaterCompat:
    71:83:static android.graphics.Shader createFromXml(android.content.res.Resources,org.xmlpull.v1.XmlPullParser,android.content.res.Resources$Theme)
androidx.core.provider.FontsContractCompat:
    static final int RESULT_CODE_PROVIDER_NOT_FOUND
    static final int RESULT_CODE_WRONG_CERTIFICATES
androidx.core.util.PatternsCompat:
    static final java.lang.String IANA_TOP_LEVEL_DOMAINS
androidx.core.view.ViewPropertyAnimatorCompat:
    static final int LISTENER_TAG_ID
androidx.core.widget.NestedScrollView:
    static final int ANIMATED_SCROLL_GAP
    static final float MAX_SCROLL_FACTOR
androidx.cursoradapter.widget.CursorAdapter:
    173:174:protected void init(android.content.Context,android.database.Cursor,boolean)
androidx.customview.view.AbsSavedState:
    59:60:protected AbsSavedState(android.os.Parcel)
androidx.customview.widget.ViewDragHelper:
    933:952:protected boolean canScroll(android.view.View,boolean,int,int,int,int)
androidx.documentfile.provider.DocumentFile:
    static final java.lang.String TAG
androidx.fragment.app.BackStackRecord:
    static final java.lang.String TAG
    static final int OP_NULL
    static final int OP_ADD
    static final int OP_REPLACE
    static final int OP_REMOVE
    static final int OP_HIDE
    static final int OP_SHOW
    static final int OP_DETACH
    static final int OP_ATTACH
    static final int OP_SET_PRIMARY_NAV
    static final int OP_UNSET_PRIMARY_NAV
androidx.fragment.app.Fragment:
    static final int INITIALIZING
    static final int CREATED
    static final int ACTIVITY_CREATED
    static final int STARTED
    static final int RESUMED
androidx.fragment.app.FragmentManagerImpl:
    static final java.lang.String TAG
    static final java.lang.String TARGET_REQUEST_CODE_STATE_TAG
    static final java.lang.String TARGET_STATE_TAG
    static final java.lang.String VIEW_STATE_TAG
    static final java.lang.String USER_VISIBLE_HINT_TAG
    static final int ANIM_DUR
androidx.fragment.app.FragmentManagerNonConfig:
    57:60:boolean isRetaining(androidx.fragment.app.Fragment)